<?xml version="1.0" encoding="UTF-8"?>
<testsuite xmlns:xsi="http://www.w3.org/2001/XMLSchema-instance" xsi:noNamespaceSchemaLocation="https://maven.apache.org/surefire/maven-surefire-plugin/xsd/surefire-test-report-3.0.xsd" version="3.0" name="com.codepromptu.api.service.EmbeddingIntegrationTest" time="4.073" tests="4" errors="0" skipped="0" failures="0">
  <properties>
[...]
</properties>
  <testcase name="testCompleteWorkflowCreateAndFindSimilarPrompts" classname="com.codepromptu.api.service.EmbeddingIntegrationTest" time="0.07">
    <system-out><![CDATA[2025-07-29 16:41:46 - Could not detect default configuration classes for test class [com.codepromptu.api.service.EmbeddingIntegrationTest]: EmbeddingIntegrationTest does not declare any static, non-private, non-final, nested classes annotated with @Configuration.
2025-07-29 16:41:46 - Found @SpringBootConfiguration com.codepromptu.api.ApiApplication for test class com.codepromptu.api.service.EmbeddingIntegrationTest
2025-07-29 16:41:46 - Image pull policy will be performed by: DefaultPullPolicy()
2025-07-29 16:41:46 - Image name substitution will be performed by: DefaultImageNameSubstitutor (composite of 'ConfigurationFileImageNameSubstitutor' and 'PrefixingImageNameSubstitutor')
2025-07-29 16:41:46 - Loaded org.testcontainers.dockerclient.UnixSocketClientProviderStrategy from ~/.testcontainers.properties, will try it first
2025-07-29 16:41:46 - Found Docker environment with local Unix socket (unix:///var/run/docker.sock)
2025-07-29 16:41:46 - Docker host IP address is localhost
2025-07-29 16:41:46 - Connected to docker: 
  Server Version: 28.3.0
  API Version: 1.51
  Operating System: Docker Desktop
  Total Memory: 7836 MB
2025-07-29 16:41:46 - Creating container for image: testcontainers/ryuk:0.5.1
2025-07-29 16:41:46 - Container testcontainers/ryuk:0.5.1 is starting: 1cb9ae24ed4d12a00ee0da0cdfd386005096ad7e5db664fca99806ac180e9239
2025-07-29 16:41:46 - Container testcontainers/ryuk:0.5.1 started in PT0.268875S
2025-07-29 16:41:46 - Ryuk started - will monitor and terminate Testcontainers containers on JVM exit
2025-07-29 16:41:46 - Checking the system...
2025-07-29 16:41:46 - ✔︎ Docker server version should be at least 1.6.0
2025-07-29 16:41:46 - Creating container for image: pgvector/pgvector:pg15
2025-07-29 16:41:46 - Container pgvector/pgvector:pg15 is starting: 5457e0c54c82e51edc30bf3aad197acbd78f1febaee7addf3175e500d28154fa
2025-07-29 16:41:47 - Container pgvector/pgvector:pg15 started in PT0.643669S
2025-07-29 16:41:47 - Container is started (JDBC URL: jdbc:postgresql://localhost:49827/codepromptu_test?loggerLevel=OFF)
2025-07-29 16:41:47 - Executing database script from test-schema.sql
2025-07-29 16:41:47 - Executed database script from test-schema.sql in 78 ms.

  .   ____          _            __ _ _
 /\\ / ___'_ __ _ _(_)_ __  __ _ \ \ \ \
( ( )\___ | '_ | '_| | '_ \/ _` | \ \ \ \
 \\/  ___)| |_)| | | | | || (_| |  ) ) ) )
  '  |____| .__|_| |_|_| |_\__, | / / / /
 =========|_|==============|___/=/_/_/_/
 :: Spring Boot ::                (v3.2.2)

2025-07-29 16:41:47 - 

Found multiple occurrences of org.json.JSONObject on the class path:

	jar:file:/Users/satkinson/.m2/repository/org/json/json/20231013/json-20231013.jar!/org/json/JSONObject.class
	jar:file:/Users/satkinson/.m2/repository/com/vaadin/external/google/android-json/0.0.20131108.vaadin1/android-json-0.0.20131108.vaadin1.jar!/org/json/JSONObject.class

You may wish to exclude one of them to ensure predictable runtime behavior

2025-07-29 16:41:47 - Starting EmbeddingIntegrationTest using Java 21.0.1 with PID 514 (started by satkinson in /Users/satkinson/Work/constellize/book/codepromptu/src/api)
2025-07-29 16:41:47 - Running with Spring Boot v3.2.2, Spring v6.1.3
2025-07-29 16:41:47 - The following 1 profile is active: "test"
2025-07-29 16:41:47 - Multiple Spring Data modules found, entering strict repository configuration mode
2025-07-29 16:41:47 - Bootstrapping Spring Data JPA repositories in DEFAULT mode.
2025-07-29 16:41:47 - Finished Spring Data repository scanning in 15 ms. Found 1 JPA repository interface.
2025-07-29 16:41:47 - Multiple Spring Data modules found, entering strict repository configuration mode
2025-07-29 16:41:47 - Bootstrapping Spring Data Redis repositories in DEFAULT mode.
2025-07-29 16:41:47 - Spring Data Redis - Could not safely identify store assignment for repository candidate interface com.codepromptu.api.repository.PromptRepository; If you want this repository to be a Redis repository, consider annotating your entities with one of these annotations: org.springframework.data.redis.core.RedisHash (preferred), or consider extending one of the following types with your repository: org.springframework.data.keyvalue.repository.KeyValueRepository
2025-07-29 16:41:47 - Finished Spring Data repository scanning in 4 ms. Found 0 Redis repository interfaces.
2025-07-29 16:41:47 - BeanFactory id=76c179d5-442e-3bc3-9327-3d8ad861b8b9
2025-07-29 16:41:48 - HHH000204: Processing PersistenceUnitInfo [name: default]
2025-07-29 16:41:48 - HHH000412: Hibernate ORM core version 6.4.1.Final
2025-07-29 16:41:48 - HHH000026: Second-level cache disabled
2025-07-29 16:41:48 - No LoadTimeWeaver setup: ignoring JPA class transformer
2025-07-29 16:41:48 - HikariPool-1 - Starting...
2025-07-29 16:41:48 - HikariPool-1 - Added connection org.postgresql.jdbc.PgConnection@720f29f0
2025-07-29 16:41:48 - HikariPool-1 - Start completed.
2025-07-29 16:41:48 - HHH90000025: PostgreSQLDialect does not need to be specified explicitly using 'hibernate.dialect' (remove the property setting and it will be selected by default)
2025-07-29 16:41:48 - HHH000489: No JTA platform available (set 'hibernate.transaction.jta.platform' to enable JTA platform integration)
2025-07-29 16:41:48 - Initialized JPA EntityManagerFactory for persistence unit 'default'
2025-07-29 16:41:48 - === API REDIS CONFIGURATION ===
2025-07-29 16:41:48 - Redis Host: cache
2025-07-29 16:41:48 - Redis Port: 6379
2025-07-29 16:41:48 - Redis Timeout: 2000ms
2025-07-29 16:41:48 - Using cache name 'cache' instead of localhost
2025-07-29 16:41:48 - Creating Redis Connection Factory for API service
2025-07-29 16:41:48 - Connecting to Redis at cache:6379
2025-07-29 16:41:48 - Redis Connection Factory created successfully for host: cache
2025-07-29 16:41:48 - === API CUSTOM REDIS HEALTH INDICATOR INITIALIZED ===
2025-07-29 16:41:48 - Redis Connection Factory: LettuceConnectionFactory
2025-07-29 16:41:48 - === REDIS CONFIGURATION DEBUG ===
2025-07-29 16:41:48 - Active profiles: test
2025-07-29 16:41:48 - spring.redis.host from @Value: NOT_SET
2025-07-29 16:41:48 - spring.redis.port from @Value: NOT_SET
2025-07-29 16:41:48 - spring.redis.timeout from @Value: NOT_SET
2025-07-29 16:41:48 - spring.redis.host from Environment: null
2025-07-29 16:41:48 - spring.redis.port from Environment: null
2025-07-29 16:41:48 - spring.redis.timeout from Environment: null
2025-07-29 16:41:48 - All spring.redis.* properties:
2025-07-29 16:41:48 - Property sources order:
2025-07-29 16:41:48 -   - Dynamic Test Properties
2025-07-29 16:41:48 -   - configurationProperties
2025-07-29 16:41:48 -   - test
2025-07-29 16:41:48 -   - Inlined Test Properties
2025-07-29 16:41:48 -   - active-test-profiles
2025-07-29 16:41:48 -   - servletConfigInitParams
2025-07-29 16:41:48 -   - servletContextInitParams
2025-07-29 16:41:48 -   - systemProperties
2025-07-29 16:41:48 -   - systemEnvironment
2025-07-29 16:41:48 -   - random
2025-07-29 16:41:48 -   - cachedrandom
2025-07-29 16:41:48 -   - springCloudClientHostInfo
2025-07-29 16:41:48 -   - Config resource 'class path resource [application-test.yml]' via location 'optional:classpath:/'
2025-07-29 16:41:48 -   - Config resource 'class path resource [application.yml]' via location 'optional:classpath:/' (document #2)
2025-07-29 16:41:48 -   - Config resource 'class path resource [application.yml]' via location 'optional:classpath:/' (document #0)
2025-07-29 16:41:48 - === END REDIS CONFIGURATION DEBUG ===
2025-07-29 16:41:48 - EmbeddingIndexService initialized
2025-07-29 16:41:48 - JdbcPromptRepository initialized
2025-07-29 16:41:49 - Hibernate is in classpath; If applicable, HQL parser will be used.
2025-07-29 16:41:49 - PromptVectorRepository initialized with JdbcTemplate
2025-07-29 16:41:49 - SimilarityService initialized with thresholds - Same: 0.0, Fork: 0.0
2025-07-29 16:41:49 - PromptService initialized with JDBC repository, embedding, similarity, and vector services
2025-07-29 16:41:49 - PromptController initialized
2025-07-29 16:41:49 - Creating StringRedisTemplate bean for API service
2025-07-29 16:41:49 - StringRedisTemplate created successfully for API service
2025-07-29 16:41:49 - spring.jpa.open-in-view is enabled by default. Therefore, database queries may be performed during view rendering. Explicitly configure spring.jpa.open-in-view to disable this warning
2025-07-29 16:41:49 - Exposing 3 endpoint(s) beneath base path '/actuator'
2025-07-29 16:41:49 - Will secure any request with [org.springframework.security.web.session.DisableEncodeUrlFilter@5f8990af, org.springframework.security.web.context.request.async.WebAsyncManagerIntegrationFilter@368352c0, org.springframework.security.web.context.SecurityContextHolderFilter@46883090, org.springframework.security.web.header.HeaderWriterFilter@77aa566a, org.springframework.web.filter.CorsFilter@4af25503, org.springframework.security.web.authentication.logout.LogoutFilter@145ac215, org.springframework.security.web.authentication.www.BasicAuthenticationFilter@7db29a24, org.springframework.security.web.savedrequest.RequestCacheAwareFilter@487969d, org.springframework.security.web.servletapi.SecurityContextHolderAwareRequestFilter@308cfdf1, org.springframework.security.web.authentication.AnonymousAuthenticationFilter@5a25ebfc, org.springframework.security.web.session.SessionManagementFilter@2827fbae, org.springframework.security.web.access.ExceptionTranslationFilter@70713e9d, org.springframework.security.web.access.intercept.AuthorizationFilter@6db47c29]
2025-07-29 16:41:49 - Started EmbeddingIntegrationTest in 2.412 seconds (process running for 7.283)
2025-07-29 16:41:49 - === API SERVICE STARTUP CONFIGURATION ===
2025-07-29 16:41:49 - Active Profiles: test
2025-07-29 16:41:49 - Spring Application Name: api
2025-07-29 16:41:49 - Config Server URI: null
2025-07-29 16:41:49 - Config Server Enabled: false
2025-07-29 16:41:49 - Config Import: optional:configserver:
2025-07-29 16:41:49 - Redis Host: null
2025-07-29 16:41:49 - Redis Port: null
2025-07-29 16:41:49 - Redis Timeout: null
2025-07-29 16:41:49 - Database URL: jdbc:postgresql://localhost:49827/codepromptu_test?loggerLevel=OFF
2025-07-29 16:41:49 - Database Driver: org.postgresql.Driver
2025-07-29 16:41:49 - === PROPERTY SOURCES ===
2025-07-29 16:41:49 - Property Source: Dynamic Test Properties (DynamicValuesPropertySource)
2025-07-29 16:41:49 - Property Source: configurationProperties (ConfigurationPropertySourcesPropertySource)
2025-07-29 16:41:49 - Property Source: test (MapPropertySource)
2025-07-29 16:41:49 - Property Source: Inlined Test Properties (MapPropertySource)
2025-07-29 16:41:49 - Property Source: active-test-profiles (MapPropertySource)
2025-07-29 16:41:49 - Property Source: servletConfigInitParams (StubPropertySource)
2025-07-29 16:41:49 - Property Source: servletContextInitParams (ServletContextPropertySource)
2025-07-29 16:41:49 - Property Source: systemProperties (PropertiesPropertySource)
2025-07-29 16:41:49 - Property Source: systemEnvironment (OriginAwareSystemEnvironmentPropertySource)
2025-07-29 16:41:49 - Property Source: random (RandomValuePropertySource)
2025-07-29 16:41:49 - Property Source: cachedrandom (CachedRandomPropertySource)
2025-07-29 16:41:49 - Property Source: springCloudClientHostInfo (MapPropertySource)
2025-07-29 16:41:49 - Property Source: Config resource 'class path resource [application-test.yml]' via location 'optional:classpath:/' (OriginTrackedMapPropertySource)
2025-07-29 16:41:49 - Property Source: Config resource 'class path resource [application.yml]' via location 'optional:classpath:/' (document #2) (OriginTrackedMapPropertySource)
2025-07-29 16:41:49 - Property Source: Config resource 'class path resource [application.yml]' via location 'optional:classpath:/' (document #0) (OriginTrackedMapPropertySource)
2025-07-29 16:41:49 - Property Source: Management Server ()
2025-07-29 16:41:49 - === END STARTUP CONFIGURATION ===
2025-07-29 16:41:49 - Application ready - checking embedding index status
2025-07-29 16:41:49 - Found 0 prompts with embeddings
2025-07-29 16:41:49 - No embedding index needed - insufficient data (0 prompts)
2025-07-29 16:41:49 - Test setup complete. Created 3 test embeddings with 1536 dimensions each
2025-07-29 16:41:49 - === TESTING COMPLETE WORKFLOW: CREATE AND FIND SIMILAR PROMPTS ===
2025-07-29 16:41:49 - Creating prompt with content length: 36
2025-07-29 16:41:49 - Successfully saved prompt with ID: f07cfe3f-1da1-4936-ab49-a1173f278ae7
2025-07-29 16:41:49 - === UPDATING EMBEDDING FOR PROMPT f07cfe3f-1da1-4936-ab49-a1173f278ae7 ===
2025-07-29 16:41:49 - Embedding vector length: 1536
2025-07-29 16:41:49 - Embedding vector preview: [0.1, 0.2, 0.3, ...]
2025-07-29 16:41:49 - SQL: UPDATE prompts SET embedding = CAST(? AS vector) WHERE id = ?
2025-07-29 16:41:49 - Embedding string length: 16782
2025-07-29 16:41:49 - Embedding string preview: [0.1,0.2,0.3,0.10735818,0.15091407,0.16952993,0.19174011,0.17133549,0.109553955,0.107552566,0.172520...
2025-07-29 16:41:49 - Embedding update completed. Rows affected: 1
2025-07-29 16:41:49 - Successfully updated embedding for prompt f07cfe3f-1da1-4936-ab49-a1173f278ae7
2025-07-29 16:41:49 - Created prompt with ID: f07cfe3f-1da1-4936-ab49-a1173f278ae7 and embedding with 1536 dimensions
2025-07-29 16:41:49 - Creating prompt with content length: 44
2025-07-29 16:41:49 - Successfully saved prompt with ID: 42d4b91f-4fcd-4e56-b48f-5c258c578508
2025-07-29 16:41:49 - === UPDATING EMBEDDING FOR PROMPT 42d4b91f-4fcd-4e56-b48f-5c258c578508 ===
2025-07-29 16:41:49 - Embedding vector length: 1536
2025-07-29 16:41:49 - Embedding vector preview: [0.11, 0.21, 0.31, ...]
2025-07-29 16:41:49 - SQL: UPDATE prompts SET embedding = CAST(? AS vector) WHERE id = ?
2025-07-29 16:41:49 - Embedding string length: 16668
2025-07-29 16:41:49 - Embedding string preview: [0.11,0.21,0.31,0.1775841,0.122914635,0.17513104,0.15075618,0.12022629,0.16867511,0.14998348,0.11357...
2025-07-29 16:41:49 - Embedding update completed. Rows affected: 1
2025-07-29 16:41:49 - Successfully updated embedding for prompt 42d4b91f-4fcd-4e56-b48f-5c258c578508
2025-07-29 16:41:49 - Created prompt with ID: 42d4b91f-4fcd-4e56-b48f-5c258c578508 and embedding with 1536 dimensions
2025-07-29 16:41:49 - Creating prompt with content length: 34
2025-07-29 16:41:49 - Successfully saved prompt with ID: 78e13ee0-9b34-4213-85df-6e758bfeefac
2025-07-29 16:41:49 - === UPDATING EMBEDDING FOR PROMPT 78e13ee0-9b34-4213-85df-6e758bfeefac ===
2025-07-29 16:41:49 - Embedding vector length: 1536
2025-07-29 16:41:49 - Embedding vector preview: [0.8, 0.9, 1.0, ...]
2025-07-29 16:41:49 - SQL: UPDATE prompts SET embedding = CAST(? AS vector) WHERE id = ?
2025-07-29 16:41:49 - Embedding string length: 15826
2025-07-29 16:41:49 - Embedding string preview: [0.8,0.9,1.0,0.87200654,0.8645966,0.89321095,0.88507235,0.8656724,0.89957786,0.8527218,0.82405627,0....
2025-07-29 16:41:49 - Embedding update completed. Rows affected: 1
2025-07-29 16:41:49 - Successfully updated embedding for prompt 78e13ee0-9b34-4213-85df-6e758bfeefac
2025-07-29 16:41:49 - Created prompt with ID: 78e13ee0-9b34-4213-85df-6e758bfeefac and embedding with 1536 dimensions
2025-07-29 16:41:49 - ✅ Created 3 test prompts:
2025-07-29 16:41:49 -   - Prompt 1 (Java REST): f07cfe3f-1da1-4936-ab49-a1173f278ae7
2025-07-29 16:41:49 -   - Prompt 2 (Java Best Practices): 42d4b91f-4fcd-4e56-b48f-5c258c578508
2025-07-29 16:41:49 -   - Prompt 3 (Baking Cookies): 78e13ee0-9b34-4213-85df-6e758bfeefac
2025-07-29 16:41:49 - Retrieving embedding for prompt: f07cfe3f-1da1-4936-ab49-a1173f278ae7
2025-07-29 16:41:49 - Database check for prompt f07cfe3f-1da1-4936-ab49-a1173f278ae7: has_embedding=true, embedding_length=16782
2025-07-29 16:41:49 - Raw embedding string for prompt f07cfe3f-1da1-4936-ab49-a1173f278ae7: length=16782, preview=[0.1,0.2,0.3,0.10735818,0.15091407,0.16952993,0.19
2025-07-29 16:41:49 - Successfully parsed PGvector: 1536 dimensions
2025-07-29 16:41:49 - Retrieved embedding for prompt f07cfe3f-1da1-4936-ab49-a1173f278ae7: 1536 dimensions
2025-07-29 16:41:49 - Retrieved embedding for prompt f07cfe3f-1da1-4936-ab49-a1173f278ae7: 1536 dimensions
2025-07-29 16:41:49 - === SIMILARITY SEARCH START ===
2025-07-29 16:41:49 - Finding similar prompts for embedding with 1536 dimensions, limit: 5
2025-07-29 16:41:49 - Input embedding first 5 values: [0.10000000149011612, 0.20000000298023224, 0.30000001192092896, 0.1073581799864769, 0.15091407299041748]
2025-07-29 16:41:49 - Converting embedding to PGvector. Embedding size: 1536, first 3 values: [0.10000000149011612, 0.20000000298023224, 0.30000001192092896]
2025-07-29 16:41:49 - Converted to PGvector successfully: 1536 dimensions
2025-07-29 16:41:49 - === SIMILARITY SEARCH START ===
2025-07-29 16:41:49 - Finding similar prompts for embedding with 1536 dimensions, limit: 5
2025-07-29 16:41:49 - Input embedding first 5 values: [0.1, 0.2, 0.3, 0.10735818, 0.15091407]
2025-07-29 16:41:50 - Embedding string length: 16782
2025-07-29 16:41:50 - SQL query: SELECT p.id, p.content, p.author, p.purpose, p.team_owner, p.model_target,
       p.version, p.is_active, p.created_at, p.updated_at,
       (p.embedding <=> CAST(? AS vector)) as similarity_score
FROM prompts p
WHERE p.is_active = true
AND p.embedding IS NOT NULL
ORDER BY p.embedding <=> CAST(? AS vector)
LIMIT ?

2025-07-29 16:41:50 - Repository returned 3 similar prompts
2025-07-29 16:41:50 - Vector repository returned 3 similar prompts
2025-07-29 16:41:50 - Processing prompt ID: f07cfe3f-1da1-4936-ab49-a1173f278ae7, content preview: How to write Java code for REST APIs, similarity: 0.0
2025-07-29 16:41:50 - Classification for prompt f07cfe3f-1da1-4936-ab49-a1173f278ae7: NEW
2025-07-29 16:41:50 - Processing prompt ID: 78e13ee0-9b34-4213-85df-6e758bfeefac, content preview: How to bake chocolate chip cookies, similarity: 0.01866168754627906
2025-07-29 16:41:50 - Classification for prompt 78e13ee0-9b34-4213-85df-6e758bfeefac: NEW
2025-07-29 16:41:50 - Processing prompt ID: 42d4b91f-4fcd-4e56-b48f-5c258c578508, content preview: Best practices for Java REST API development, similarity: 0.03545184764707865
2025-07-29 16:41:50 - Classification for prompt 42d4b91f-4fcd-4e56-b48f-5c258c578508: NEW
2025-07-29 16:41:50 - Returning 3 similarity results
2025-07-29 16:41:50 - Result: ID=f07cfe3f-1da1-4936-ab49-a1173f278ae7, similarity=0.0, classification=NEW
2025-07-29 16:41:50 - Result: ID=78e13ee0-9b34-4213-85df-6e758bfeefac, similarity=0.01866168754627906, classification=NEW
2025-07-29 16:41:50 - Result: ID=42d4b91f-4fcd-4e56-b48f-5c258c578508, similarity=0.03545184764707865, classification=NEW
2025-07-29 16:41:50 - === SIMILARITY SEARCH END ===
2025-07-29 16:41:50 - ✅ Found 3 similar prompts to Java REST prompt
2025-07-29 16:41:50 - ✅ Successfully found similar Java prompt in results
2025-07-29 16:41:50 - === SIMILARITY SEARCH START ===
2025-07-29 16:41:50 - Finding similar prompts for embedding with 1536 dimensions, limit: 5
2025-07-29 16:41:50 - Input embedding first 5 values: [0.1, 0.2, 0.3, 0.10735818078745954, 0.15091407078819596]
2025-07-29 16:41:50 - Converting embedding to PGvector. Embedding size: 1536, first 3 values: [0.1, 0.2, 0.3]
2025-07-29 16:41:50 - Converted to PGvector successfully: 1536 dimensions
2025-07-29 16:41:50 - === SIMILARITY SEARCH START ===
2025-07-29 16:41:50 - Finding similar prompts for embedding with 1536 dimensions, limit: 5
2025-07-29 16:41:50 - Input embedding first 5 values: [0.1, 0.2, 0.3, 0.10735818, 0.15091407]
2025-07-29 16:41:50 - Embedding string length: 16782
2025-07-29 16:41:50 - SQL query: SELECT p.id, p.content, p.author, p.purpose, p.team_owner, p.model_target,
       p.version, p.is_active, p.created_at, p.updated_at,
       (p.embedding <=> CAST(? AS vector)) as similarity_score
FROM prompts p
WHERE p.is_active = true
AND p.embedding IS NOT NULL
ORDER BY p.embedding <=> CAST(? AS vector)
LIMIT ?

2025-07-29 16:41:50 - Repository returned 3 similar prompts
2025-07-29 16:41:50 - Vector repository returned 3 similar prompts
2025-07-29 16:41:50 - Processing prompt ID: f07cfe3f-1da1-4936-ab49-a1173f278ae7, content preview: How to write Java code for REST APIs, similarity: 0.0
2025-07-29 16:41:50 - Classification for prompt f07cfe3f-1da1-4936-ab49-a1173f278ae7: NEW
2025-07-29 16:41:50 - Processing prompt ID: 78e13ee0-9b34-4213-85df-6e758bfeefac, content preview: How to bake chocolate chip cookies, similarity: 0.01866168754627906
2025-07-29 16:41:50 - Classification for prompt 78e13ee0-9b34-4213-85df-6e758bfeefac: NEW
2025-07-29 16:41:50 - Processing prompt ID: 42d4b91f-4fcd-4e56-b48f-5c258c578508, content preview: Best practices for Java REST API development, similarity: 0.03545184764707865
2025-07-29 16:41:50 - Classification for prompt 42d4b91f-4fcd-4e56-b48f-5c258c578508: NEW
2025-07-29 16:41:50 - Returning 3 similarity results
2025-07-29 16:41:50 - Result: ID=f07cfe3f-1da1-4936-ab49-a1173f278ae7, similarity=0.0, classification=NEW
2025-07-29 16:41:50 - Result: ID=78e13ee0-9b34-4213-85df-6e758bfeefac, similarity=0.01866168754627906, classification=NEW
2025-07-29 16:41:50 - Result: ID=42d4b91f-4fcd-4e56-b48f-5c258c578508, similarity=0.03545184764707865, classification=NEW
2025-07-29 16:41:50 - === SIMILARITY SEARCH END ===
2025-07-29 16:41:50 - ✅ Found 3 similar prompts by content search
2025-07-29 16:41:50 - ✅ Content-based similarity search found 2 Java-related prompts
2025-07-29 16:41:50 - ✅ Similarity scores are correctly ordered: Java=0.03545184764707865, Cookie=0.01866168754627906
2025-07-29 16:41:50 - 🎉 COMPLETE WORKFLOW TEST PASSED - Can create prompts and find similar ones!
]]></system-out>
  </testcase>
  <testcase name="testEmbeddingStorageAndRetrieval" classname="com.codepromptu.api.service.EmbeddingIntegrationTest" time="0.02">
    <system-out><![CDATA[2025-07-29 16:41:50 - Test setup complete. Created 3 test embeddings with 1536 dimensions each
2025-07-29 16:41:50 - === TESTING EMBEDDING STORAGE AND RETRIEVAL ===
2025-07-29 16:41:50 - Creating prompt with content length: 33
2025-07-29 16:41:50 - Successfully saved prompt with ID: e08882b0-ca6d-4653-b768-c28172bdb127
2025-07-29 16:41:50 - === UPDATING EMBEDDING FOR PROMPT e08882b0-ca6d-4653-b768-c28172bdb127 ===
2025-07-29 16:41:50 - Embedding vector length: 1536
2025-07-29 16:41:50 - Embedding vector preview: [0.1, 0.2, 0.3, ...]
2025-07-29 16:41:50 - SQL: UPDATE prompts SET embedding = CAST(? AS vector) WHERE id = ?
2025-07-29 16:41:50 - Embedding string length: 16743
2025-07-29 16:41:50 - Embedding string preview: [0.1,0.2,0.3,0.10635964,0.12914787,0.17728502,0.1916708,0.17998746,0.19127072,0.19734032,0.15330505,...
2025-07-29 16:41:50 - Embedding update completed. Rows affected: 1
2025-07-29 16:41:50 - Successfully updated embedding for prompt e08882b0-ca6d-4653-b768-c28172bdb127
2025-07-29 16:41:50 - Created prompt with ID: e08882b0-ca6d-4653-b768-c28172bdb127 and embedding with 1536 dimensions
2025-07-29 16:41:50 - ✅ Successfully stored and retrieved embedding from PostgreSQL with pgvector
]]></system-out>
  </testcase>
  <testcase name="testDatabaseSchemaAndExtension" classname="com.codepromptu.api.service.EmbeddingIntegrationTest" time="0.012">
    <system-out><![CDATA[2025-07-29 16:41:50 - Test setup complete. Created 3 test embeddings with 1536 dimensions each
2025-07-29 16:41:50 - === TESTING DATABASE SCHEMA AND PGVECTOR EXTENSION ===
2025-07-29 16:41:50 - ✅ pgvector extension is installed
2025-07-29 16:41:50 - ✅ Prompts table has embedding column: [embedding:USER-DEFINED]
]]></system-out>
  </testcase>
  <testcase name="testPromptClassification" classname="com.codepromptu.api.service.EmbeddingIntegrationTest" time="0.019">
    <system-out><![CDATA[2025-07-29 16:41:50 - Test setup complete. Created 3 test embeddings with 1536 dimensions each
2025-07-29 16:41:50 - === TESTING PROMPT CLASSIFICATION ===
2025-07-29 16:41:50 - Creating prompt with content length: 32
2025-07-29 16:41:50 - Successfully saved prompt with ID: 6cd2a0b4-1859-46c7-bead-227455bf3cb2
2025-07-29 16:41:50 - === UPDATING EMBEDDING FOR PROMPT 6cd2a0b4-1859-46c7-bead-227455bf3cb2 ===
2025-07-29 16:41:50 - Embedding vector length: 1536
2025-07-29 16:41:50 - Embedding vector preview: [0.1, 0.2, 0.3, ...]
2025-07-29 16:41:50 - SQL: UPDATE prompts SET embedding = CAST(? AS vector) WHERE id = ?
2025-07-29 16:41:50 - Embedding string length: 16759
2025-07-29 16:41:50 - Embedding string preview: [0.1,0.2,0.3,0.18803182,0.15108973,0.11748618,0.12241004,0.1559215,0.139341,0.13712876,0.10669911,0....
2025-07-29 16:41:50 - Embedding update completed. Rows affected: 1
2025-07-29 16:41:50 - Successfully updated embedding for prompt 6cd2a0b4-1859-46c7-bead-227455bf3cb2
2025-07-29 16:41:50 - Created prompt with ID: 6cd2a0b4-1859-46c7-bead-227455bf3cb2 and embedding with 1536 dimensions
2025-07-29 16:41:50 - === SIMILARITY SEARCH START ===
2025-07-29 16:41:50 - Finding similar prompts for embedding with 1536 dimensions, limit: 1
2025-07-29 16:41:50 - Input embedding first 5 values: [0.1, 0.2, 0.3, 0.18803182615457437, 0.15108973120519575]
2025-07-29 16:41:50 - Converting embedding to PGvector. Embedding size: 1536, first 3 values: [0.1, 0.2, 0.3]
2025-07-29 16:41:50 - Converted to PGvector successfully: 1536 dimensions
2025-07-29 16:41:50 - === SIMILARITY SEARCH START ===
2025-07-29 16:41:50 - Finding similar prompts for embedding with 1536 dimensions, limit: 1
2025-07-29 16:41:50 - Input embedding first 5 values: [0.1, 0.2, 0.3, 0.18803182, 0.15108973]
2025-07-29 16:41:50 - Embedding string length: 16759
2025-07-29 16:41:50 - SQL query: SELECT p.id, p.content, p.author, p.purpose, p.team_owner, p.model_target,
       p.version, p.is_active, p.created_at, p.updated_at,
       (p.embedding <=> CAST(? AS vector)) as similarity_score
FROM prompts p
WHERE p.is_active = true
AND p.embedding IS NOT NULL
ORDER BY p.embedding <=> CAST(? AS vector)
LIMIT ?

2025-07-29 16:41:50 - Repository returned 1 similar prompts
2025-07-29 16:41:50 - Vector repository returned 1 similar prompts
2025-07-29 16:41:50 - Processing prompt ID: 6cd2a0b4-1859-46c7-bead-227455bf3cb2, content preview: Existing Java development prompt, similarity: 0.0
2025-07-29 16:41:50 - Classification for prompt 6cd2a0b4-1859-46c7-bead-227455bf3cb2: NEW
2025-07-29 16:41:50 - Returning 1 similarity results
2025-07-29 16:41:50 - Result: ID=6cd2a0b4-1859-46c7-bead-227455bf3cb2, similarity=0.0, classification=NEW
2025-07-29 16:41:50 - === SIMILARITY SEARCH END ===
2025-07-29 16:41:50 - ✅ Successfully classified prompt: com.codepromptu.api.service.SimilarityService$PromptClassificationResult@5f049fa
]]></system-out>
  </testcase>
</testsuite>